 PPID   PID  PGID   SID TTY      TPGID STAT   UID   TIME COMMAND
    0     2     0     0 ?           -1 S        0   0:00 [kthreadd]
    2     3     0     0 ?           -1 S        0   0:00  \_ [ksoftirqd/0]
    2     5     0     0 ?           -1 S<       0   0:00  \_ [kworker/0:0H]
    2     7     0     0 ?           -1 S        0   0:00  \_ [rcu_sched]
    2     8     0     0 ?           -1 S        0   0:00  \_ [rcu_bh]
    2     9     0     0 ?           -1 S        0   0:00  \_ [migration/0]
    2    10     0     0 ?           -1 S<       0   0:00  \_ [lru-add-drain]
    2    11     0     0 ?           -1 S        0   0:00  \_ [watchdog/0]
    2    12     0     0 ?           -1 S        0   0:00  \_ [cpuhp/0]
    2    13     0     0 ?           -1 S        0   0:00  \_ [cpuhp/1]
    2    14     0     0 ?           -1 S        0   0:00  \_ [watchdog/1]
    2    15     0     0 ?           -1 S        0   0:00  \_ [migration/1]
    2    16     0     0 ?           -1 S        0   0:00  \_ [ksoftirqd/1]
    2    18     0     0 ?           -1 S<       0   0:00  \_ [kworker/1:0H]
    2    19     0     0 ?           -1 S        0   0:00  \_ [kdevtmpfs]
    2    20     0     0 ?           -1 S<       0   0:00  \_ [netns]
    2    21     0     0 ?           -1 S        0   0:00  \_ [khungtaskd]
    2    22     0     0 ?           -1 S        0   0:00  \_ [oom_reaper]
    2    23     0     0 ?           -1 S<       0   0:00  \_ [writeback]
    2    24     0     0 ?           -1 S        0   0:00  \_ [kcompactd0]
    2    26     0     0 ?           -1 SN       0   0:00  \_ [ksmd]
    2    27     0     0 ?           -1 SN       0   0:00  \_ [khugepaged]
    2    28     0     0 ?           -1 S<       0   0:00  \_ [crypto]
    2    29     0     0 ?           -1 S<       0   0:00  \_ [kintegrityd]
    2    30     0     0 ?           -1 S<       0   0:00  \_ [bioset]
    2    31     0     0 ?           -1 S<       0   0:00  \_ [kblockd]
    2    32     0     0 ?           -1 S<       0   0:00  \_ [devfreq_wq]
    2    33     0     0 ?           -1 S<       0   0:00  \_ [watchdogd]
    2    34     0     0 ?           -1 S        0   0:00  \_ [kswapd0]
    2    35     0     0 ?           -1 S<       0   0:00  \_ [vmstat]
    2    47     0     0 ?           -1 S<       0   0:00  \_ [kthrotld]
    2    49     0     0 ?           -1 S<       0   0:00  \_ [ipv6_addrconf]
    2    84     0     0 ?           -1 S<       0   0:00  \_ [ata_sff]
    2    85     0     0 ?           -1 S        0   0:00  \_ [scsi_eh_0]
    2    87     0     0 ?           -1 S<       0   0:00  \_ [scsi_tmf_0]
    2    88     0     0 ?           -1 S        0   0:00  \_ [scsi_eh_1]
    2    90     0     0 ?           -1 S<       0   0:00  \_ [scsi_tmf_1]
    2   117     0     0 ?           -1 S<       0   0:00  \_ [bioset]
    2   121     0     0 ?           -1 S<       0   0:00  \_ [kworker/1:1H]
    2   124     0     0 ?           -1 S        0   0:00  \_ [scsi_eh_2]
    2   125     0     0 ?           -1 S<       0   0:00  \_ [scsi_tmf_2]
    2   126     0     0 ?           -1 S        0   0:00  \_ [scsi_eh_3]
    2   127     0     0 ?           -1 S<       0   0:00  \_ [scsi_tmf_3]
    2   128     0     0 ?           -1 S        0   0:00  \_ [scsi_eh_4]
    2   129     0     0 ?           -1 S<       0   0:00  \_ [scsi_tmf_4]
    2   130     0     0 ?           -1 S        0   0:00  \_ [scsi_eh_5]
    2   131     0     0 ?           -1 S<       0   0:00  \_ [scsi_tmf_5]
    2   132     0     0 ?           -1 S        0   0:00  \_ [scsi_eh_6]
    2   133     0     0 ?           -1 S<       0   0:00  \_ [scsi_tmf_6]
    2   134     0     0 ?           -1 S        0   0:00  \_ [scsi_eh_7]
    2   135     0     0 ?           -1 S<       0   0:00  \_ [scsi_tmf_7]
    2   136     0     0 ?           -1 S        0   0:00  \_ [scsi_eh_8]
    2   137     0     0 ?           -1 S<       0   0:00  \_ [scsi_tmf_8]
    2   138     0     0 ?           -1 S        0   0:00  \_ [scsi_eh_9]
    2   139     0     0 ?           -1 S<       0   0:00  \_ [scsi_tmf_9]
    2   140     0     0 ?           -1 S        0   0:00  \_ [scsi_eh_10]
    2   141     0     0 ?           -1 S<       0   0:00  \_ [scsi_tmf_10]
    2   142     0     0 ?           -1 S        0   0:00  \_ [scsi_eh_11]
    2   143     0     0 ?           -1 S<       0   0:00  \_ [scsi_tmf_11]
    2   144     0     0 ?           -1 S        0   0:00  \_ [scsi_eh_12]
    2   145     0     0 ?           -1 S<       0   0:00  \_ [scsi_tmf_12]
    2   146     0     0 ?           -1 S        0   0:00  \_ [scsi_eh_13]
    2   147     0     0 ?           -1 S<       0   0:00  \_ [scsi_tmf_13]
    2   148     0     0 ?           -1 S        0   0:00  \_ [scsi_eh_14]
    2   149     0     0 ?           -1 S<       0   0:00  \_ [scsi_tmf_14]
    2   150     0     0 ?           -1 S        0   0:00  \_ [scsi_eh_15]
    2   151     0     0 ?           -1 S<       0   0:00  \_ [scsi_tmf_15]
    2   152     0     0 ?           -1 S        0   0:00  \_ [scsi_eh_16]
    2   153     0     0 ?           -1 S<       0   0:00  \_ [scsi_tmf_16]
    2   154     0     0 ?           -1 S        0   0:00  \_ [scsi_eh_17]
    2   155     0     0 ?           -1 S<       0   0:00  \_ [scsi_tmf_17]
    2   156     0     0 ?           -1 S        0   0:00  \_ [scsi_eh_18]
    2   157     0     0 ?           -1 S<       0   0:00  \_ [scsi_tmf_18]
    2   158     0     0 ?           -1 S        0   0:00  \_ [scsi_eh_19]
    2   159     0     0 ?           -1 S<       0   0:00  \_ [scsi_tmf_19]
    2   160     0     0 ?           -1 S        0   0:00  \_ [scsi_eh_20]
    2   161     0     0 ?           -1 S<       0   0:00  \_ [scsi_tmf_20]
    2   162     0     0 ?           -1 S        0   0:00  \_ [scsi_eh_21]
    2   163     0     0 ?           -1 S<       0   0:00  \_ [scsi_tmf_21]
    2   164     0     0 ?           -1 S        0   0:00  \_ [scsi_eh_22]
    2   165     0     0 ?           -1 S<       0   0:00  \_ [scsi_tmf_22]
    2   166     0     0 ?           -1 S        0   0:00  \_ [scsi_eh_23]
    2   167     0     0 ?           -1 S<       0   0:00  \_ [scsi_tmf_23]
    2   168     0     0 ?           -1 S        0   0:00  \_ [scsi_eh_24]
    2   169     0     0 ?           -1 S<       0   0:00  \_ [scsi_tmf_24]
    2   170     0     0 ?           -1 S        0   0:00  \_ [scsi_eh_25]
    2   171     0     0 ?           -1 S<       0   0:00  \_ [scsi_tmf_25]
    2   172     0     0 ?           -1 S        0   0:00  \_ [scsi_eh_26]
    2   173     0     0 ?           -1 S<       0   0:00  \_ [scsi_tmf_26]
    2   174     0     0 ?           -1 S        0   0:00  \_ [scsi_eh_27]
    2   175     0     0 ?           -1 S<       0   0:00  \_ [scsi_tmf_27]
    2   176     0     0 ?           -1 S        0   0:00  \_ [scsi_eh_28]
    2   177     0     0 ?           -1 S<       0   0:00  \_ [scsi_tmf_28]
    2   178     0     0 ?           -1 S        0   0:00  \_ [scsi_eh_29]
    2   179     0     0 ?           -1 S<       0   0:00  \_ [scsi_tmf_29]
    2   180     0     0 ?           -1 S        0   0:00  \_ [scsi_eh_30]
    2   181     0     0 ?           -1 S<       0   0:00  \_ [scsi_tmf_30]
    2   182     0     0 ?           -1 S        0   0:00  \_ [scsi_eh_31]
    2   183     0     0 ?           -1 S<       0   0:00  \_ [scsi_tmf_31]
    2   211     0     0 ?           -1 S<       0   0:00  \_ [bioset]
    2   213     0     0 ?           -1 S<       0   0:00  \_ [kworker/0:1H]
    2   222     0     0 ?           -1 S<       0   0:00  \_ [bioset]
    2   256     0     0 ?           -1 S        0   0:00  \_ [jbd2/sda1-8]
    2   257     0     0 ?           -1 S<       0   0:00  \_ [ext4-rsv-conver]
    2   291     0     0 ?           -1 S        0   0:00  \_ [kauditd]
    2   450     0     0 ?           -1 S<       0   0:00  \_ [ttm_swap]
    2  2329     0     0 ?           -1 S        0   0:00  \_ [kworker/1:2]
    2  3531     0     0 ?           -1 S        0   0:00  \_ [kworker/u4:0]
    2  3537     0     0 ?           -1 S        0   0:00  \_ [kworker/1:0]
    2  3705     0     0 ?           -1 S        0   0:00  \_ [kworker/0:2]
    2  3861     0     0 ?           -1 S        0   0:00  \_ [kworker/0:0]
    2  3905     0     0 ?           -1 S        0   0:00  \_ [kworker/u4:2]
    2  4003     0     0 ?           -1 S        0   0:00  \_ [kworker/0:1]
    2  4095     0     0 ?           -1 S        0   0:00  \_ [kworker/u4:1]
    2  4113     0     0 ?           -1 S        0   0:00  \_ [kworker/1:1]
    0     1     1     1 ?           -1 Ss       0   0:01 /sbin/init
    1   289   289   289 ?           -1 Ss       0   0:00 /lib/systemd/systemd-journald
    1   301   301   301 ?           -1 Ss       0   0:00 /lib/systemd/systemd-udevd
    1   327   327   327 ?           -1 Ss       0   0:00 /sbin/lvmetad -f
    1   352   352   352 ?           -1 Ssl      0   0:00 vmware-vmblock-fuse /run/vmblock-fuse -o rw,subtype=vmware-vmblock,default_
    1   353   353   353 ?           -1 Ssl      0   0:03 /usr/bin/vmtoolsd
    1   510   510   510 ?           -1 Ssl    100   0:00 /lib/systemd/systemd-timesyncd
    1   537   537   537 ?           -1 SNsl   105   0:00 /usr/lib/rtkit/rtkit-daemon
    1   539   539   539 ?           -1 Ssl      0   0:00 /usr/sbin/ModemManager
    1   540   540   540 ?           -1 Ss       0   0:00 /usr/sbin/cron -f
    1   541   541   541 ?           -1 Ss       0   0:00 /usr/bin/VGAuthService
    1   543   543   543 ?           -1 Ssl      0   0:00 /usr/lib/accountsservice/accounts-daemon
    1   544   544   544 ?           -1 Ssl      0   0:00 /usr/sbin/rsyslogd -n
    1   546   546   546 ?           -1 Ss       0   0:00 /lib/systemd/systemd-logind
    1   548   548   548 ?           -1 Ss     108   0:00 /usr/bin/dbus-daemon --system --address=systemd: --nofork --nopidfile --sys
    1   566   566   566 ?           -1 Ssl      0   0:00 /usr/sbin/NetworkManager --no-daemon
  566   732   732   566 ?           -1 S        0   0:00  \_ /sbin/dhclient -d -q -sf /usr/lib/NetworkManager/nm-dhcp-helper -pf /va
    1   568   568   568 ?           -1 Ss     114   0:00 avahi-daemon: running [w4118.local]
  568   577   568   568 ?           -1 S      114   0:00  \_ avahi-daemon: chroot helper
    1   585   585   585 ?           -1 Ssl      0   0:00 /usr/lib/policykit-1/polkitd --no-debug
    1   674   674   674 ?           -1 Ssl      0   0:00 /usr/sbin/libvirtd
    1   681   681   681 ?           -1 Ss     119   0:01 /usr/sbin/snmpd -Lsd -Lf /dev/null -u Debian-snmp -g Debian-snmp -I -smux m
    1   686   686   686 ?           -1 Ssl      0   0:03 /usr/bin/containerd
    1   713   713   713 ?           -1 Ss       0   0:00 /usr/sbin/sshd -D
  713  2184  2184  2184 ?           -1 Ss       0   0:00  \_ sshd: w4118 [priv]
 2184  2195  2184  2184 ?           -1 S     1000   0:00  |   \_ sshd: w4118@pts/0
 2195  2196  2196  2196 pts/0     4278 Ss    1000   0:00  |       \_ -bash
 2196  4278  4278  2196 pts/0     4278 R+    1000   0:00  |           \_ ps -ajfwx
  713  2253  2253  2253 ?           -1 Ss       0   0:00  \_ sshd: w4118 [priv]
 2253  2259  2253  2253 ?           -1 S     1000   0:01  |   \_ sshd: w4118@pts/1
 2259  2260  2260  2260 pts/1     4097 Ss    1000   0:00  |       \_ -bash
 2260  2592  2592  2260 pts/1     4097 T     1000   0:00  |           \_ /bin/bash ./start.sh
 2592  2665  2592  2260 pts/1     4097 T        0   0:00  |           |   \_ /usr/bin/sudo /usr/bin/unshare -fm ./launch_container.s
 2665  2666  2592  2260 pts/1     4097 T        0   0:00  |           |       \_ /usr/bin/unshare -fm ./launch_container.sh 1000 100
 2666  2667  2592  2260 pts/1     4097 T        0   0:00  |           |           \_ /bin/bash ./launch_container.sh 1000 1000 /usr/
 2667  2705  2592  2260 pts/1     4097 Rl       0 102:57  |           |               \_ /usr/local/sbin/runc run -b /tmp/roc/9e15a7
 2705  2713  2592  2260 pts/1     4097 Z        0   0:00  |           |                   \_ [runc:[1:CHILD]] <defunct>
 2705  2714  2714  2714 pts/0     2714 Ss+   1000   0:00  |           |                   \_ /bin/bash
 2260  4097  4097  2260 pts/1     4097 S+    1000   0:00  |           \_ /bin/bash ./start.sh
 4097  4172  4097  2260 pts/1     4097 S+       0   0:00  |               \_ /usr/bin/sudo /usr/bin/unshare -fm ./launch_container.s
 4172  4173  4097  2260 pts/1     4097 S+       0   0:00  |                   \_ /usr/bin/unshare -fm ./launch_container.sh 1000 100
 4173  4174  4097  2260 pts/1     4097 S+       0   0:00  |                       \_ /bin/bash ./launch_container.sh 1000 1000 /usr/
 4174  4212  4097  2260 pts/1     4097 Sl+      0   0:00  |                           \_ /usr/local/sbin/runc run -b /tmp/roc/6c3537
 4212  4222  4222  4222 pts/0     4222 Ss+   1000   0:00  |                               \_ /bin/bash
  713  3006  3006  3006 ?           -1 Ss       0   0:00  \_ sshd: w4118 [priv]
 3006  3012  3006  3006 ?           -1 S     1000   0:00      \_ sshd: w4118@pts/2
 3012  3013  3013  3013 pts/2     4025 Ss    1000   0:00          \_ -bash
 3013  4025  4025  3013 pts/2     4025 S+    1000   0:00              \_ vim tests.txt
    1   730   730   730 ?           -1 Ssl      0   0:00 /usr/sbin/gdm3
  730   760   730   730 ?           -1 Sl       0   0:00  \_ gdm-session-worker [pam/gdm-launch-environment]
  760   923   923   923 tty1       923 Ssl+   117   0:00      \_ /usr/lib/gdm3/gdm-wayland-session gnome-session --autostart /usr/sh
  923   935   923   923 tty1       923 Sl+    117   0:00          \_ /usr/lib/gnome-session/gnome-session-binary --autostart /usr/sh
  935  1016   923   923 tty1       923 Sl+    117   0:14              \_ /usr/bin/gnome-shell
 1016  1061   923   923 tty1       923 Sl+    117   0:00              |   \_ /usr/bin/Xwayland :1024 -rootless -noreset -listen 4 -l
  935  1096   923   923 tty1       923 Sl+    117   0:01              \_ /usr/lib/gnome-settings-daemon/gnome-settings-daemon
    1   867   867   867 ?           -1 Ssl    118   0:02 /usr/sbin/mysqld
    1   871   871   871 ?           -1 Ss       0   0:00 /usr/sbin/apache2 -k start
  871  1936   871   871 ?           -1 S       33   0:00  \_ /usr/sbin/apache2 -k start
  871  1937   871   871 ?           -1 S       33   0:00  \_ /usr/sbin/apache2 -k start
  871  1938   871   871 ?           -1 S       33   0:00  \_ /usr/sbin/apache2 -k start
  871  1939   871   871 ?           -1 S       33   0:00  \_ /usr/sbin/apache2 -k start
  871  1940   871   871 ?           -1 S       33   0:00  \_ /usr/sbin/apache2 -k start
    1   904   904   904 ?           -1 Ss     117   0:00 /lib/systemd/systemd --user
  904   905   904   904 ?           -1 S      117   0:00  \_ (sd-pam)
  904   930   930   930 ?           -1 Ss     117   0:00  \_ /usr/bin/dbus-daemon --session --address=systemd: --nofork --nopidfile 
  904  1070  1070  1070 ?           -1 Ssl    117   0:00  \_ /usr/lib/at-spi2-core/at-spi-bus-launcher
 1070  1075  1070  1070 ?           -1 S      117   0:00  |   \_ /usr/bin/dbus-daemon --config-file=/usr/share/defaults/at-spi2/acce
  904  1077  1070  1070 ?           -1 Sl     117   0:00  \_ /usr/lib/at-spi2-core/at-spi2-registryd --use-gnome-session
  904  1081  1081  1081 ?           -1 Ssl    117   0:00  \_ /usr/bin/pulseaudio --daemonize=no
    1  1021  1021  1021 ?           -1 Ssl      0   0:00 /usr/lib/upower/upowerd
    1  1092  1092  1092 ?           -1 Ssl      0   0:03 /usr/bin/dockerd -H fd:// --containerd=/run/containerd/containerd.sock
    1  1094  1094  1094 ?           -1 Ss       0   0:00 /usr/sbin/minissdpd -i 0.0.0.0
    1  1102  1102  1102 ?           -1 Ssl      0   0:00 /usr/lib/packagekit/packagekitd
    1  1104  1104  1104 ?           -1 Ss       0   0:00 /sbin/wpa_supplicant -u -s -O /run/wpa_supplicant
    1  1132  1132  1132 ?           -1 Ssl    115   0:00 /usr/lib/colord/colord
    1  2186  2186  2186 ?           -1 Ss    1000   0:00 /lib/systemd/systemd --user
 2186  2187  2186  2186 ?           -1 S     1000   0:00  \_ (sd-pam)
    1  2690  2592  2260 pts/1     4097 T        0   0:00 /usr/bin/sudo -u #1000 /usr/bin/socat unix-listen:/tmp/roc/9e15a7ef-3617-4c
 2690  2694  2592  2260 pts/1     4097 T     1000   0:00  \_ /usr/bin/socat unix-listen:/tmp/roc/9e15a7ef-3617-4c24-b4cc-e1d2532ad67
    1  2702  2702  2702 ?           -1 Ss       0   0:00 /usr/bin/bindfs -r / /tmp/roc/9e15a7ef-3617-4c24-b4cc-e1d2532ad67b/rootfs
    1  4197  4097  2260 pts/1     4097 S+       0   0:00 /usr/bin/sudo -u #1000 /usr/bin/socat unix-listen:/tmp/roc/6c353743-5530-48
 4197  4202  4097  2260 pts/1     4097 S+    1000   0:00  \_ /usr/bin/socat unix-listen:/tmp/roc/6c353743-5530-489c-be19-8e1947bb538
    1  4210  4210  4210 ?           -1 Ss       0   0:00 /usr/bin/bindfs -r / /tmp/roc/6c353743-5530-489c-be19-8e1947bb538d/rootfs

